<?xml version="1.0" encoding="UTF-8"?>
<!-- Generated by org.testng.reporters.JUnitReportReporter -->
<testsuite skipped="0" hostname="DESKTOP-QN6CF8Q" name="testng.NewTest6" tests="1" failures="0" timestamp="24 Jul 2019 14:48:58 GMT" time="16.350" errors="1">
  <testcase name="f" time="16.350" classname="testng.NewTest6">
    <error type="org.openqa.selenium.SessionNotCreatedException" message="session not created
from chrome not reachable
  (Session info: chrome=75.0.3770.142)
Build info: version: &#039;3.141.59&#039;, revision: &#039;e82be7d358&#039;, time: &#039;2018-11-14T08:25:48&#039;
System info: host: &#039;DESKTOP-QN6CF8Q&#039;, ip: &#039;192.168.29.127&#039;, os.name: &#039;Windows 10&#039;, os.arch: &#039;amd64&#039;, os.version: &#039;10.0&#039;, java.version: &#039;1.8.0_171&#039;
Driver info: driver.version: ChromeDriver
remote stacktrace: Backtrace:
	Ordinal0 [0x01461B23+1448739]
	Ordinal0 [0x013E5A11+940561]
	Ordinal0 [0x0137213C+467260]
	Ordinal0 [0x0136BB2E+441134]
	Ordinal0 [0x0136C1C8+442824]
	Ordinal0 [0x0136D275+447093]
	Ordinal0 [0x01369515+431381]
	Ordinal0 [0x01372EF0+470768]
	Ordinal0 [0x013294CE+169166]
	Ordinal0 [0x013288ED+166125]
	Ordinal0 [0x01326FFB+159739]
	Ordinal0 [0x013109F6+68086]
	Ordinal0 [0x01311990+72080]
	Ordinal0 [0x01311929+71977]
	GetHandleVerifier [0x015A2E4C+1172140]
	GetHandleVerifier [0x014FFE35+504469]
	GetHandleVerifier [0x014FFBD0+503856]
	Ordinal0 [0x0146C9A8+1493416]
	GetHandleVerifier [0x0150060A+506474]
	Ordinal0 [0x013F7136+1012022]
	Ordinal0 [0x013F6FAF+1011631]
	Ordinal0 [0x0140133B+1053499]
	Ordinal0 [0x014014A3+1053859]
	Ordinal0 [0x014004D5+1049813]
	BaseThreadInitThunk [0x768062C4+36]
	RtlSubscribeWnfStateChangeNotification [0x776A0FD9+1081]
	RtlSubscribeWnfStateChangeNotification [0x776A0FA4+1028]
">
      <![CDATA[org.openqa.selenium.SessionNotCreatedException: session not created
from chrome not reachable
  (Session info: chrome=75.0.3770.142)
Build info: version: '3.141.59', revision: 'e82be7d358', time: '2018-11-14T08:25:48'
System info: host: 'DESKTOP-QN6CF8Q', ip: '192.168.29.127', os.name: 'Windows 10', os.arch: 'amd64', os.version: '10.0', java.version: '1.8.0_171'
Driver info: driver.version: ChromeDriver
remote stacktrace: Backtrace:
Ordinal0 [0x01461B23+1448739]
Ordinal0 [0x013E5A11+940561]
Ordinal0 [0x0137213C+467260]
Ordinal0 [0x0136BB2E+441134]
Ordinal0 [0x0136C1C8+442824]
Ordinal0 [0x0136D275+447093]
Ordinal0 [0x01369515+431381]
Ordinal0 [0x01372EF0+470768]
Ordinal0 [0x013294CE+169166]
Ordinal0 [0x013288ED+166125]
Ordinal0 [0x01326FFB+159739]
Ordinal0 [0x013109F6+68086]
Ordinal0 [0x01311990+72080]
Ordinal0 [0x01311929+71977]
GetHandleVerifier [0x015A2E4C+1172140]
GetHandleVerifier [0x014FFE35+504469]
GetHandleVerifier [0x014FFBD0+503856]
Ordinal0 [0x0146C9A8+1493416]
GetHandleVerifier [0x0150060A+506474]
Ordinal0 [0x013F7136+1012022]
Ordinal0 [0x013F6FAF+1011631]
Ordinal0 [0x0140133B+1053499]
Ordinal0 [0x014014A3+1053859]
Ordinal0 [0x014004D5+1049813]
BaseThreadInitThunk [0x768062C4+36]
RtlSubscribeWnfStateChangeNotification [0x776A0FD9+1081]
RtlSubscribeWnfStateChangeNotification [0x776A0FA4+1028]

at sun.reflect.NativeConstructorAccessorImpl.newInstance0(Native Method)
at sun.reflect.NativeConstructorAccessorImpl.newInstance(NativeConstructorAccessorImpl.java:62)
at sun.reflect.DelegatingConstructorAccessorImpl.newInstance(DelegatingConstructorAccessorImpl.java:45)
at java.lang.reflect.Constructor.newInstance(Constructor.java:423)
at org.openqa.selenium.remote.W3CHandshakeResponse.lambda$errorHandler$0(W3CHandshakeResponse.java:62)
at org.openqa.selenium.remote.HandshakeResponse.lambda$getResponseFunction$0(HandshakeResponse.java:30)
at org.openqa.selenium.remote.ProtocolHandshake.lambda$createSession$0(ProtocolHandshake.java:126)
at java.util.stream.ReferencePipeline$3$1.accept(ReferencePipeline.java:193)
at java.util.Spliterators$ArraySpliterator.tryAdvance(Spliterators.java:958)
at java.util.stream.ReferencePipeline.forEachWithCancel(ReferencePipeline.java:126)
at java.util.stream.AbstractPipeline.copyIntoWithCancel(AbstractPipeline.java:498)
at java.util.stream.AbstractPipeline.copyInto(AbstractPipeline.java:485)
at java.util.stream.AbstractPipeline.wrapAndCopyInto(AbstractPipeline.java:471)
at java.util.stream.FindOps$FindOp.evaluateSequential(FindOps.java:152)
at java.util.stream.AbstractPipeline.evaluate(AbstractPipeline.java:234)
at java.util.stream.ReferencePipeline.findFirst(ReferencePipeline.java:464)
at org.openqa.selenium.remote.ProtocolHandshake.createSession(ProtocolHandshake.java:128)
at org.openqa.selenium.remote.ProtocolHandshake.createSession(ProtocolHandshake.java:74)
at org.openqa.selenium.remote.HttpCommandExecutor.execute(HttpCommandExecutor.java:136)
at org.openqa.selenium.remote.service.DriverCommandExecutor.execute(DriverCommandExecutor.java:83)
at org.openqa.selenium.remote.RemoteWebDriver.execute(RemoteWebDriver.java:552)
at org.openqa.selenium.remote.RemoteWebDriver.startSession(RemoteWebDriver.java:213)
at org.openqa.selenium.remote.RemoteWebDriver.<init>(RemoteWebDriver.java:131)
at org.openqa.selenium.chrome.ChromeDriver.<init>(ChromeDriver.java:181)
at org.openqa.selenium.chrome.ChromeDriver.<init>(ChromeDriver.java:168)
at org.openqa.selenium.chrome.ChromeDriver.<init>(ChromeDriver.java:123)
at testng.NewTest6.f(NewTest6.java:11)
at sun.reflect.NativeMethodAccessorImpl.invoke0(Native Method)
at sun.reflect.NativeMethodAccessorImpl.invoke(NativeMethodAccessorImpl.java:62)
at sun.reflect.DelegatingMethodAccessorImpl.invoke(DelegatingMethodAccessorImpl.java:43)
at java.lang.reflect.Method.invoke(Method.java:498)
at org.testng.internal.MethodInvocationHelper.invokeMethod(MethodInvocationHelper.java:124)
at org.testng.internal.Invoker.invokeMethod(Invoker.java:583)
at org.testng.internal.Invoker.invokeTestMethod(Invoker.java:719)
at org.testng.internal.Invoker.invokeTestMethods(Invoker.java:989)
at org.testng.internal.TestMethodWorker.invokeTestMethods(TestMethodWorker.java:125)
at org.testng.internal.TestMethodWorker.run(TestMethodWorker.java:109)
at org.testng.TestRunner.privateRun(TestRunner.java:648)
at org.testng.TestRunner.run(TestRunner.java:505)
at org.testng.SuiteRunner.runTest(SuiteRunner.java:455)
at org.testng.SuiteRunner.runSequentially(SuiteRunner.java:450)
at org.testng.SuiteRunner.privateRun(SuiteRunner.java:415)
at org.testng.SuiteRunner.run(SuiteRunner.java:364)
at org.testng.SuiteRunnerWorker.runSuite(SuiteRunnerWorker.java:52)
at org.testng.SuiteRunnerWorker.run(SuiteRunnerWorker.java:84)
at org.testng.TestNG.runSuitesSequentially(TestNG.java:1208)
at org.testng.TestNG.runSuitesLocally(TestNG.java:1137)
at org.testng.TestNG.runSuites(TestNG.java:1049)
at org.testng.TestNG.run(TestNG.java:1017)
at org.testng.remote.AbstractRemoteTestNG.run(AbstractRemoteTestNG.java:115)
at org.testng.remote.RemoteTestNG.initAndRun(RemoteTestNG.java:251)
at org.testng.remote.RemoteTestNG.main(RemoteTestNG.java:77)
]]>
    </error>
  </testcase> <!-- f -->
</testsuite> <!-- testng.NewTest6 -->
